<?xml version="1.0" encoding="UTF-8"?>
<!-- Generated by org.testng.reporters.JUnitReportReporter -->
<testsuite skipped="0" hostname="VAIO" name="javaFeaturesUseInSelenium.HashMapWithTestNG" tests="3" failures="0" timestamp="01 May 2020 18:16:10 GMT" time="38.236" errors="0">
  <testcase name="loginWithCustomer" time="13.642" classname="javaFeaturesUseInSelenium.HashMapWithTestNG"/>
  <testcase name="loginWithAdmin" time="13.804" classname="javaFeaturesUseInSelenium.HashMapWithTestNG"/>
  <testcase name="loginWithManager" time="10.790" classname="javaFeaturesUseInSelenium.HashMapWithTestNG"/>
</testsuite> <!-- javaFeaturesUseInSelenium.HashMapWithTestNG -->
